[debug] [2021-08-23T05:19:12.802Z] ----------------------------------------------------------------------
[debug] [2021-08-23T05:19:12.805Z] Command:       /usr/local/bin/node /usr/local/bin/firebase init
[debug] [2021-08-23T05:19:12.805Z] CLI Version:   9.16.5
[debug] [2021-08-23T05:19:12.805Z] Platform:      darwin
[debug] [2021-08-23T05:19:12.805Z] Node Version:  v14.17.5
[debug] [2021-08-23T05:19:12.806Z] Time:          Mon Aug 23 2021 16:19:12 GMT+1100 (New Caledonia Standard Time)
[debug] [2021-08-23T05:19:12.807Z] ----------------------------------------------------------------------
[debug] 
[debug] [2021-08-23T05:19:12.817Z] > command requires scopes: ["email","openid","https://www.googleapis.com/auth/cloudplatformprojects.readonly","https://www.googleapis.com/auth/firebase","https://www.googleapis.com/auth/cloud-platform"]
[debug] [2021-08-23T05:19:12.817Z] > authorizing via signed-in user (jonllom80@gmail.com)
[info] 
     ######## #### ########  ######## ########     ###     ######  ########
     ##        ##  ##     ## ##       ##     ##  ##   ##  ##       ##
     ######    ##  ########  ######   ########  #########  ######  ######
     ##        ##  ##    ##  ##       ##     ## ##     ##       ## ##
     ##       #### ##     ## ######## ########  ##     ##  ######  ########

You're about to initialize a Firebase project in this directory:

  /Users/molljonathan/Documents/Web/hex

[info] 
=== Project Setup
[info] 
[info] First, let's associate this project directory with a Firebase project.
[info] You can create multiple project aliases by running firebase use --add, 
[info] but for now we'll just set up a default project.
[info] 
[debug] [2021-08-23T05:20:46.809Z] >>> [apiv2][query] GET https://firebase.googleapis.com/v1beta1/projects pageSize=100
[debug] [2021-08-23T05:20:47.538Z] <<< [apiv2][status] GET https://firebase.googleapis.com/v1beta1/projects 200
[debug] [2021-08-23T05:20:47.538Z] <<< [apiv2][body] GET https://firebase.googleapis.com/v1beta1/projects [omitted]
[info] i  Using project hex-journal (hex-journal) 
[info] 
=== Hosting:github Setup
[info] 
[info] i  Didn't detect a .git folder. Assuming /Users/molljonathan/Documents/Web/hex is the project root. 
[info] i  Authorizing with GitHub to upload your service account to a GitHub repository's secrets store. 
[info] 
[info] Visit this URL on this device to log in:
[info] https://github.com/login/oauth/authorize?client_id=89cf50f02ac6aaed3484&state=131582139&redirect_uri=http%3A%2F%2Flocalhost%3A9005&scope=read%3Auser%20repo%20public_repo
[info] 
[info] Waiting for authentication...
[debug] [2021-08-23T05:29:02.125Z] ----------------------------------------------------------------------
[debug] [2021-08-23T05:29:02.128Z] Command:       /usr/local/bin/node /usr/local/bin/firebase init
[debug] [2021-08-23T05:29:02.128Z] CLI Version:   9.16.5
[debug] [2021-08-23T05:29:02.129Z] Platform:      darwin
[debug] [2021-08-23T05:29:02.129Z] Node Version:  v14.17.5
[debug] [2021-08-23T05:29:02.130Z] Time:          Mon Aug 23 2021 16:29:02 GMT+1100 (New Caledonia Standard Time)
[debug] [2021-08-23T05:29:02.130Z] ----------------------------------------------------------------------
[debug] 
[debug] [2021-08-23T05:29:02.140Z] > command requires scopes: ["email","openid","https://www.googleapis.com/auth/cloudplatformprojects.readonly","https://www.googleapis.com/auth/firebase","https://www.googleapis.com/auth/cloud-platform"]
[debug] [2021-08-23T05:29:02.141Z] > authorizing via signed-in user (jonllom80@gmail.com)
[info] 
     ######## #### ########  ######## ########     ###     ######  ########
     ##        ##  ##     ## ##       ##     ##  ##   ##  ##       ##
     ######    ##  ########  ######   ########  #########  ######  ######
     ##        ##  ##    ##  ##       ##     ## ##     ##       ## ##
     ##       #### ##     ## ######## ########  ##     ##  ######  ########

You're about to initialize a Firebase project in this directory:

  /Users/molljonathan/Documents/Web/hex

[info] 
=== Project Setup
[info] 
[info] First, let's associate this project directory with a Firebase project.
[info] You can create multiple project aliases by running firebase use --add, 
[info] but for now we'll just set up a default project.
[info] 
[debug] [2021-08-23T05:29:31.909Z] > refreshing access token with scopes: []
[debug] [2021-08-23T05:29:31.910Z] >>> HTTP REQUEST POST https://www.googleapis.com/oauth2/v3/token  
 <request body omitted>
[debug] [2021-08-23T05:29:32.368Z] <<< HTTP RESPONSE 200 {"expires":"Mon, 01 Jan 1990 00:00:00 GMT","pragma":"no-cache","cache-control":"no-cache, no-store, max-age=0, must-revalidate","date":"Mon, 23 Aug 2021 05:29:32 GMT","content-type":"application/json; charset=utf-8","vary":"X-Origin, Referer, Origin,Accept-Encoding","server":"scaffolding on HTTPServer2","x-xss-protection":"0","x-frame-options":"SAMEORIGIN","x-content-type-options":"nosniff","alt-svc":"h3=\":443\"; ma=2592000,h3-29=\":443\"; ma=2592000,h3-T051=\":443\"; ma=2592000,h3-Q050=\":443\"; ma=2592000,h3-Q046=\":443\"; ma=2592000,h3-Q043=\":443\"; ma=2592000,quic=\":443\"; ma=2592000; v=\"46,43\"","accept-ranges":"none","transfer-encoding":"chunked"}
[debug] [2021-08-23T05:29:32.409Z] >>> [apiv2][query] GET https://firebase.googleapis.com/v1beta1/projects pageSize=100
[debug] [2021-08-23T05:29:33.162Z] <<< [apiv2][status] GET https://firebase.googleapis.com/v1beta1/projects 200
[debug] [2021-08-23T05:29:33.163Z] <<< [apiv2][body] GET https://firebase.googleapis.com/v1beta1/projects [omitted]
[info] i  Using project hex-journal (hex-journal) 
[info] 
=== Hosting:github Setup
[info] 
[info] i  Didn't detect a .git folder. Assuming /Users/molljonathan/Documents/Web/hex is the project root. 
[info] i  Authorizing with GitHub to upload your service account to a GitHub repository's secrets store. 
[info] 
[info] Visit this URL on this device to log in:
[info] https://github.com/login/oauth/authorize?client_id=89cf50f02ac6aaed3484&state=918966407&redirect_uri=http%3A%2F%2Flocalhost%3A9005&scope=read%3Auser%20repo%20public_repo
[info] 
[info] Waiting for authentication...
[debug] [2021-08-23T05:30:11.691Z] >>> HTTP REQUEST POST https://github.com/login/oauth/access_token  
 {"client_id":"89cf50f02ac6aaed3484","client_secret":"3330d14abc895d9a74d5f17cd7a00711fa2c5bf0","code":"111f80e9da43e862d673","redirect_uri":"http://localhost:9005","state":"918966407"}
[debug] [2021-08-23T05:30:12.168Z] <<< HTTP RESPONSE 200 {"server":"GitHub.com","date":"Mon, 23 Aug 2021 05:30:12 GMT","content-type":"application/json; charset=utf-8","transfer-encoding":"chunked","vary":"X-PJAX, Accept-Encoding, Accept, X-Requested-With","permissions-policy":"interest-cohort=()","etag":"W/\"920bb032a26cd17e603e31b1ae2de9d9\"","cache-control":"max-age=0, private, must-revalidate","strict-transport-security":"max-age=31536000; includeSubdomains; preload","x-frame-options":"deny","x-content-type-options":"nosniff","x-xss-protection":"0","referrer-policy":"origin-when-cross-origin, strict-origin-when-cross-origin","expect-ct":"max-age=2592000, report-uri=\"https://api.github.com/_private/browser/errors\"","content-security-policy":"default-src 'none'; base-uri 'self'; block-all-mixed-content; connect-src 'self' uploads.github.com www.githubstatus.com collector.githubapp.com api.github.com github-cloud.s3.amazonaws.com github-production-repository-file-5c1aeb.s3.amazonaws.com github-production-upload-manifest-file-7fdce7.s3.amazonaws.com github-production-user-asset-6210df.s3.amazonaws.com cdn.optimizely.com logx.optimizely.com/v1/events translator.github.com wss://alive.github.com; font-src github.githubassets.com; form-action 'self' github.com gist.github.com; frame-ancestors 'none'; frame-src render.githubusercontent.com viewscreen.githubusercontent.com; img-src 'self' data: github.githubassets.com identicons.github.com collector.githubapp.com github-cloud.s3.amazonaws.com secured-user-images.githubusercontent.com/ *.githubusercontent.com; manifest-src 'self'; media-src 'none'; script-src github.githubassets.com; style-src 'unsafe-inline' github.githubassets.com; worker-src github.com/socket-worker-3f088aa2.js gist.github.com/socket-worker-3f088aa2.js","x-github-request-id":"FD49:1200:929FF:1300B3:61233263"}
[debug] [2021-08-23T05:30:12.176Z] >>> [apiv2][query] GET https://api.github.com/user [none]
[debug] [2021-08-23T05:30:12.690Z] <<< [apiv2][status] GET https://api.github.com/user 200
[debug] [2021-08-23T05:30:12.691Z] <<< [apiv2][body] GET https://api.github.com/user {"login":"jonllom","id":89374502,"node_id":"MDQ6VXNlcjg5Mzc0NTAy","avatar_url":"https://avatars.githubusercontent.com/u/89374502?v=4","gravatar_id":"","url":"https://api.github.com/users/jonllom","html_url":"https://github.com/jonllom","followers_url":"https://api.github.com/users/jonllom/followers","following_url":"https://api.github.com/users/jonllom/following{/other_user}","gists_url":"https://api.github.com/users/jonllom/gists{/gist_id}","starred_url":"https://api.github.com/users/jonllom/starred{/owner}{/repo}","subscriptions_url":"https://api.github.com/users/jonllom/subscriptions","organizations_url":"https://api.github.com/users/jonllom/orgs","repos_url":"https://api.github.com/users/jonllom/repos","events_url":"https://api.github.com/users/jonllom/events{/privacy}","received_events_url":"https://api.github.com/users/jonllom/received_events","type":"User","site_admin":false,"name":null,"company":null,"blog":"","location":null,"email":null,"hireable":null,"bio":null,"twitter_username":null,"public_repos":0,"public_gists":0,"followers":0,"following":0,"created_at":"2021-08-23T05:27:13Z","updated_at":"2021-08-23T05:27:13Z","private_gists":0,"total_private_repos":0,"owned_private_repos":0,"disk_usage":0,"collaborators":0,"two_factor_authentication":false,"plan":{"name":"free","space":976562499,"collaborators":0,"private_repos":10000}}
[info] 
[info] ✔  Success! Logged into GitHub as jonllom 
[info] 
